<?xml version="1.0" encoding="UTF-8"?>
<!-- Generated by org.testng.reporters.JUnitReportReporter -->
<testsuite hostname="aspirenav165" name="com.testframework.TestSuite" tests="1" failures="0" timestamp="2 Apr 2019 06:46:58 GMT" time="18.407" errors="0">
  <testcase name="test" time="18.407" classname="com.testframework.TestSuite"/>
</testsuite> <!-- com.testframework.TestSuite -->
